  Sudoku.cpp
e:\project\2017软工\sudoku\sudoku\sudoku.cpp : warning C4819: 该文件包含不能在当前代码页(936)中表示的字符。请将该文件保存为 Unicode 格式以防止数据丢失
  InputHandler.cpp
  FileHandler.cpp
e:\project\2017软工\sudoku\sudoku\filehandler.cpp(11): error C2065: “f”: 未声明的标识符
e:\project\2017软工\sudoku\sudoku\filehandler.cpp(46): warning C4477: “fscanf_s”: 格式字符串“%c”需要类型“char *”的参数，但可变参数 1 拥有了类型“int”
  e:\project\2017软工\sudoku\sudoku\filehandler.cpp(46): note: 此参数由转换说明符使用
e:\project\2017软工\sudoku\sudoku\filehandler.cpp(46): warning C4473: “fscanf_s”: 没有为格式字符串传递足够的参数
  e:\project\2017软工\sudoku\sudoku\filehandler.cpp(46): note: 占位符和其参数预计 2 可变参数，但提供的却是 1 参数
  e:\project\2017软工\sudoku\sudoku\filehandler.cpp(46): note: 缺失的可变参数 2 为格式字符串“%c”所需
  e:\project\2017软工\sudoku\sudoku\filehandler.cpp(46): note: 此参数用作缓冲区大小
e:\project\2017软工\sudoku\sudoku\filehandler.cpp(48): warning C4477: “fscanf_s”: 格式字符串“%c”需要类型“char *”的参数，但可变参数 1 拥有了类型“const char *”
  e:\project\2017软工\sudoku\sudoku\filehandler.cpp(48): note: 此参数由转换说明符使用
e:\project\2017软工\sudoku\sudoku\filehandler.cpp(48): warning C4473: “fscanf_s”: 没有为格式字符串传递足够的参数
  e:\project\2017软工\sudoku\sudoku\filehandler.cpp(48): note: 占位符和其参数预计 2 可变参数，但提供的却是 1 参数
  e:\project\2017软工\sudoku\sudoku\filehandler.cpp(48): note: 缺失的可变参数 2 为格式字符串“%c”所需
  e:\project\2017软工\sudoku\sudoku\filehandler.cpp(48): note: 此参数用作缓冲区大小
e:\project\2017软工\sudoku\sudoku\filehandler.cpp(50): warning C4477: “fscanf_s”: 格式字符串“%c”需要类型“char *”的参数，但可变参数 1 拥有了类型“const char *”
  e:\project\2017软工\sudoku\sudoku\filehandler.cpp(50): note: 此参数由转换说明符使用
e:\project\2017软工\sudoku\sudoku\filehandler.cpp(50): warning C4473: “fscanf_s”: 没有为格式字符串传递足够的参数
  e:\project\2017软工\sudoku\sudoku\filehandler.cpp(50): note: 占位符和其参数预计 2 可变参数，但提供的却是 1 参数
  e:\project\2017软工\sudoku\sudoku\filehandler.cpp(50): note: 缺失的可变参数 2 为格式字符串“%c”所需
  e:\project\2017软工\sudoku\sudoku\filehandler.cpp(50): note: 此参数用作缓冲区大小
  正在生成代码...
